\BOOKMARK [1][-]{section.1}{Domain}{}% 1
\BOOKMARK [1][-]{section.2}{Related Works}{}% 2
\BOOKMARK [1][-]{section.3}{Development Technology}{}% 3
\BOOKMARK [1][-]{section.4}{Implementation Details}{}% 4
\BOOKMARK [2][-]{subsection.4.1}{Server-side Implementation}{section.4}% 5
\BOOKMARK [3][-]{subsubsection.4.1.1}{/auth/tag}{subsection.4.1}% 6
\BOOKMARK [3][-]{subsubsection.4.1.2}{/auth/client}{subsection.4.1}% 7
\BOOKMARK [3][-]{subsubsection.4.1.3}{/initialize-nfc/client}{subsection.4.1}% 8
\BOOKMARK [3][-]{subsubsection.4.1.4}{/initialize-nfc/tag}{subsection.4.1}% 9
\BOOKMARK [3][-]{subsubsection.4.1.5}{/view-entries}{subsection.4.1}% 10
\BOOKMARK [2][-]{subsection.4.2}{Client-side Implementation}{section.4}% 11
\BOOKMARK [3][-]{subsubsection.4.2.1}{Create New Client}{subsection.4.2}% 12
\BOOKMARK [3][-]{subsubsection.4.2.2}{Add a New Tag}{subsection.4.2}% 13
\BOOKMARK [3][-]{subsubsection.4.2.3}{Authenticate Tag \046 Client}{subsection.4.2}% 14
\BOOKMARK [3][-]{subsubsection.4.2.4}{Authenticate Tag Only}{subsection.4.2}% 15
\BOOKMARK [3][-]{subsubsection.4.2.5}{View All Entries \(Client \046 Tag\)}{subsection.4.2}% 16
\BOOKMARK [3][-]{subsubsection.4.2.6}{Read Tag Data Only}{subsection.4.2}% 17
\BOOKMARK [3][-]{subsubsection.4.2.7}{BAD: Corrupt Tag}{subsection.4.2}% 18
\BOOKMARK [3][-]{subsubsection.4.2.8}{BAD: Corrupt Client}{subsection.4.2}% 19
\BOOKMARK [3][-]{subsubsection.4.2.9}{Exit program}{subsection.4.2}% 20
\BOOKMARK [2][-]{subsection.4.3}{Database Design}{section.4}% 21
\BOOKMARK [1][-]{section.5}{Simulation and Results}{}% 22
\BOOKMARK [2][-]{subsection.5.1}{Verification Tests}{section.5}% 23
\BOOKMARK [2][-]{subsection.5.2}{Corrupted Tag Tests}{section.5}% 24
\BOOKMARK [2][-]{subsection.5.3}{Corrupted Client Tests}{section.5}% 25
\BOOKMARK [1][-]{section.6}{Conclusion}{}% 26
\BOOKMARK [2][-]{subsection.6.1}{Protocol adequately protects the user from NFC Data Exchange Format \(NDEF\) value being overwritten by a malicious actor}{section.6}% 27
\BOOKMARK [2][-]{subsection.6.2}{Protocol adequately protects the user from spoofing}{section.6}% 28
\BOOKMARK [2][-]{subsection.6.3}{Protocol can ensure that a Denial of Service \(DoS\) attack isn\220t possible.}{section.6}% 29
\BOOKMARK [1][-]{section.7}{Demo Video and Presentation}{}% 30
\BOOKMARK [2][-]{subsection.7.1}{YouTube Video}{section.7}% 31
\BOOKMARK [2][-]{subsection.7.2}{Presentation}{section.7}% 32
\BOOKMARK [1][-]{section.8}{Contributions}{}% 33
\BOOKMARK [2][-]{subsection.8.1}{Christian Belair}{section.8}% 34
\BOOKMARK [2][-]{subsection.8.2}{Kyle Knobloch}{section.8}% 35
\BOOKMARK [2][-]{subsection.8.3}{Eric Newcombe}{section.8}% 36
